<?xml version="1.0" encoding="UTF-8"?>
<!-- Generated by org.testng.reporters.JUnitReportReporter -->
<testsuite skipped="0" hostname="M270967DZG3QD" name="com.crm.qa.testcases.LoginPageTest" tests="3" failures="0" timestamp="14 Dec 2017 19:37:29 GMT" time="20.931" errors="0">
  <testcase name="LoginTest" time="7.457" classname="com.crm.qa.testcases.LoginPageTest"/>
  <testcase name="loginPageTitleTest" time="7.189" classname="com.crm.qa.testcases.LoginPageTest"/>
  <testcase name="crmLogoImageTest" time="6.285" classname="com.crm.qa.testcases.LoginPageTest"/>
</testsuite> <!-- com.crm.qa.testcases.LoginPageTest -->
